2024-12-13 13:05:31.350 [info] Getting Manifest... unthrottled.doki-theme
2024-12-13 13:05:32.617 [info] Installing extension: unthrottled.doki-theme {"isMachineScoped":false,"installPreReleaseVersion":false,"pinned":false,"profileLocation":{"$mid":1,"external":"vscode-userdata:/home/lur/.vscode-oss/extensions/extensions.json","path":"/home/lur/.vscode-oss/extensions/extensions.json","scheme":"vscode-userdata"},"installOnlyNewlyAddedFromExtensionPack":true,"isApplicationScoped":false,"productVersion":{"version":"1.95.1","date":"2024-11-01T17:20:55.708Z"}}
2024-12-13 13:05:36.424 [error] Could not load vsce-sign module Cannot find package '@vscode/vsce-sign' imported from /usr/lib/code/out/vs/code/electron-utility/sharedProcess/sharedProcessMain.js
2024-12-13 13:05:36.425 [info] Extension signature verification is not done: unthrottled.doki-theme
2024-12-13 13:05:36.831 [info] Extracted extension to file:///home/lur/.vscode-oss/extensions/unthrottled.doki-theme-88.1.15-universal: unthrottled.doki-theme
2024-12-13 13:05:36.968 [info] Renamed to /home/lur/.vscode-oss/extensions/unthrottled.doki-theme-88.1.15-universal
2024-12-13 13:05:37.058 [info] Extension installed successfully: unthrottled.doki-theme vscode-userdata:/home/lur/.vscode-oss/extensions/extensions.json
2024-12-13 13:05:37.081 [error] [uncaught exception in sharedProcess]: Error: ENOENT: no such file or directory, stat '/home/lur/.vscode-oss/extensions/extensions.json.vsctmp': EntryNotFound (FileSystemError): Error: ENOENT: no such file or directory, stat '/home/lur/.vscode-oss/extensions/extensions.json.vsctmp'
    at hm.create (file:///usr/lib/code/out/vs/code/electron-utility/sharedProcess/sharedProcessMain.js:35:39254)
    at Es (file:///usr/lib/code/out/vs/code/electron-utility/sharedProcess/sharedProcessMain.js:35:39361)
    at Fr.ib (file:///usr/lib/code/out/vs/code/electron-utility/sharedProcess/sharedProcessMain.js:71:22677)
    at Fr.stat (file:///usr/lib/code/out/vs/code/electron-utility/sharedProcess/sharedProcessMain.js:71:16010)
    at async Zl.stat (file:///usr/lib/code/out/vs/code/electron-utility/sharedProcess/sharedProcessMain.js:70:84491)
    at async Jl.yb (file:///usr/lib/code/out/vs/code/electron-utility/sharedProcess/sharedProcessMain.js:70:66605)
2024-12-13 13:14:03.886 [info] Uninstalling extension from the profile: unthrottled.doki-theme@88.1.15 vscode-userdata:/home/lur/.vscode-oss/extensions/extensions.json
2024-12-13 13:14:04.079 [info] Marked extension as uninstalled unthrottled.doki-theme-88.1.15-universal
2024-12-13 13:14:04.441 [info] Successfully uninstalled extension from the profile unthrottled.doki-theme@88.1.15 vscode-userdata:/home/lur/.vscode-oss/extensions/extensions.json
2024-12-13 13:14:07.542 [info] Getting Manifest... unthrottled.doki-theme
2024-12-13 13:14:08.553 [info] Installing extension: unthrottled.doki-theme {"isMachineScoped":false,"installPreReleaseVersion":false,"pinned":false,"productVersion":{"version":"1.95.1","date":"2024-11-01T17:20:55.708Z"},"operation":3,"isApplicationScoped":false,"profileLocation":{"$mid":1,"external":"vscode-userdata:/home/lur/.vscode-oss/extensions/extensions.json","path":"/home/lur/.vscode-oss/extensions/extensions.json","scheme":"vscode-userdata"},"installOnlyNewlyAddedFromExtensionPack":true}
2024-12-13 13:14:08.689 [info] Removed the extension from uninstalled list: unthrottled.doki-theme
2024-12-13 13:14:08.906 [info] Extension installed successfully: unthrottled.doki-theme vscode-userdata:/home/lur/.vscode-oss/extensions/extensions.json
